<?xml version="1.0" encoding="UTF-8"?>
<!-- Generated by org.testng.reporters.JUnitXMLReporter -->
<testsuite hostname="Avengers" ignored="0" name="Default test" tests="4" failures="0" timestamp="2020-04-04T00:57:35 IST" time="85.925" errors="0">
  <testcase name="logintest" time="5.166" classname="com.testngpractice.actimitmelogintest"/>
  <testcase name="verifyentertimepage" time="5.115" classname="com.testngpractice.actimitmelogintest"/>
  <testcase name="verifydate" time="1.514" classname="com.testngpractice.actimitmelogintest"/>
  <testcase name="displaycallender" time="10.274" classname="com.testngpractice.actimitmelogintest"/>
</testsuite> <!-- Default test -->
